Server_Public_Key: -----BEGIN PUBLIC KEY-----
MFkwEwYHKoZIzj0CAQYIKoZIzj0DAQcDQgAEUj18GpJQxCblV9VmR+5TzwT56cRx
9Wvm/oW3RobCmT0y1IXj6p9GFNq7PaCL4Rcm0du4GUXCFx3pt8WDyTHb3w==
-----END PUBLIC KEY-----

Shared_Secret: 547b31abc2173a2bc8fd820badd6679a948028a18cbb982c1e8fb3831d049276
Session_Key (Initial): b8e74189402f6d68ef5bf42f64b0f20016e9012095057490d90939aebac9e745
Fuzzy_Extracted_Key: 768ebcfa946f5ad02cf91304d83a20c35f927b101e74bb697f3d46b7e8a2c2a1
Final_Session_Key: ce69fd73d44037b8c3a2e72bbc8ad2c3497b7a308b71cff9a6347f19526b25e4
Encrypted_Message: 4f8f43cb2c1924fe7ff22b2554ed67f2ebc43ef0cbfca1b5767536e320fb0c72
Encrypted_Message: 0664b565ca5f7bca4dfee0b7a9934749ca4364e0708fde75345783ad9d9bfa50
Client_Public_Key: -----BEGIN PUBLIC KEY-----
MFkwEwYHKoZIzj0CAQYIKoZIzj0DAQcDQgAE42YXITqifNPVk8OLdc5WYB1gGEH8
6VZ7wX/wnSVK4oE+qyvYdIm8TqCxZCDmNZpVPkiep1P1SjLLDTwz+OAfOA==
-----END PUBLIC KEY-----

Server_Public_Key: -----BEGIN PUBLIC KEY-----
MFkwEwYHKoZIzj0CAQYIKoZIzj0DAQcDQgAEt2tdZk37Jl3aBt/I+DP1d909nHfN
ucFxTd4xGuRYO7xqHOy7jTqjAZNWsW82p5pNN9Xtttw+WCbuSyrM6bxFZA==
-----END PUBLIC KEY-----

Shared_Secret: 4330560a54eff7a6a9d4a3585894b749efa61b61fda1daafeaa810d4fff05235
Session_Key (Initial): 552636b5ca50ec633b95815da4203b373614f777372af24208d117fbad83c066
Fuzzy_Extracted_Key: fffa430bcb64f9661950ef1109cc909f1a18a63cb7b8b5676e48259afc66ee0a
Final_Session_Key: aadc75be0134150522c56e4cadecaba82c0c514b809247256699326151e52e6c
Encrypted_Message: 2e8e2288e9b647775f3bde7a4bcd021b6aef25c131639d5039311f7757994c60
Encrypted_Message: 17ec7610967fc2bef69b909fee4631d6e583ea8b3978659c2fadf46795ece212
Shared_Secret: 4330560a54eff7a6a9d4a3585894b749efa61b61fda1daafeaa810d4fff05235
Session_Key (Initial): 552636b5ca50ec633b95815da4203b373614f777372af24208d117fbad83c066
Fuzzy_Extracted_Key: fffa430bcb64f9661950ef1109cc909f1a18a63cb7b8b5676e48259afc66ee0a
Final_Session_Key: aadc75be0134150522c56e4cadecaba82c0c514b809247256699326151e52e6c
Client_Public_Key: -----BEGIN PUBLIC KEY-----
MFkwEwYHKoZIzj0CAQYIKoZIzj0DAQcDQgAETeC2Fb+Pl4w6VeFqWomk6Vy/fE8N
ipNTnB5U0R+FqTCzMY0B/cg2pnnRNLBIAmFvkastLy+ML9zP8kCtq/ihYA==
-----END PUBLIC KEY-----

Server_Public_Key: -----BEGIN PUBLIC KEY-----
MFkwEwYHKoZIzj0CAQYIKoZIzj0DAQcDQgAEeLg/JziuM1LtOB/1tkQGg0qO9c40
dR3w5WPqvKHkrh4tlMKkDld3JvCATpJthKsz2Nt3wHzgP86u/yDmbanrSA==
-----END PUBLIC KEY-----

Shared_Secret: 4ec9e0b0bdbcf0a42d93714ec5b0004332690a5d17cfd78af06020ef0964ce5a
Session_Key (Initial): 451f75d2eb29de4ee43c74946c46fd90f8826812fedbf2585768045a69d19738
Fuzzy_Extracted_Key: 8a0ba1f53115e5a1ec394618d693227ffb04b42f10070d4077c674583f89ae0a
Final_Session_Key: cf14d427da3c3bef0805328cbad5dfef0386dc3deedcff1820ae700256583932
Encrypted_Message: 6ee2eefeb9fc85b78aa5a519908bf0b117990f4159a9d579f2eedb9f26a49448
Client_Public_Key: -----BEGIN PUBLIC KEY-----
MFkwEwYHKoZIzj0CAQYIKoZIzj0DAQcDQgAEz+ubnRgnJCWLAP0/qN8cYG6QkKhU
No9C7aOMgc53NtmETR2uyls90KK9YM9NoyxErXmTNHvDSoUwY3Wfgyk4XA==
-----END PUBLIC KEY-----

Server_Public_Key: -----BEGIN PUBLIC KEY-----
MFkwEwYHKoZIzj0CAQYIKoZIzj0DAQcDQgAE7WlwMsc33OT1r8a/VkwtvdrwaE69
SLqkQwSORAYyvb6bF3OJHUD9S/bb5eANHXWu9rGQhO8HZYZCqlQfjVBLaw==
-----END PUBLIC KEY-----

Shared_Secret: 49e9a8388c94e2212e73c4ff8c1ac56cd460285f08a34b12b213af83e20d3d70
Session_Key (Initial): dd04e2149b08178db129cc8084e3fb581fc24bdc5b5c49d86e0c69c1a4c9f179
Fuzzy_Extracted_Key: da272fde3cf3b10ad11f1bbbb0c6c6eecfc4b514850302902c9b0dd85f5d3506
Final_Session_Key: 0723cdcaa7fba6876036d73b34253db6d006fec8de5f4b4842976419fb94c47f
Encrypted_Message: ce13f5c58317446b0753cea12cfeb62288482a96cddc7fc33c7eb7710273ff88
Client_Public_Key: -----BEGIN PUBLIC KEY-----
MFkwEwYHKoZIzj0CAQYIKoZIzj0DAQcDQgAEprzoEHhOPAShDuKCBKmaj7JTI0YA
VcK17iM3orlf33i9RCoFyw3JIoTHaFH9/hJaCR6X4AUzA4AwawRhDQcNAQ==
-----END PUBLIC KEY-----

Server_Public_Key: -----BEGIN PUBLIC KEY-----
MFkwEwYHKoZIzj0CAQYIKoZIzj0DAQcDQgAEIfG1e4zhLLffUhsn2smgSeQhU3y9
V6oaZMwN++JjyAdivq6oD50K0kAO3bGoVaOHO7z5VZuijJ59ArPC7eMOsg==
-----END PUBLIC KEY-----

Shared_Secret: d24014e98d18301168edd95a5d344fcc95914a6a94aee3bb571205724e6ba2c4
Session_Key (Initial): cbf377c0e1a5f831122531ef3e059fa082f71d0424d141b244547718e49909b1
Fuzzy_Extracted_Key: 66f959755c18e922e521c3cf18b8ffbe55352e7d2efcef3a7c3a8d85b7697d05
Final_Session_Key: ad0a2eb5bdbd1113f704f22026bd601ed7c233790a2dae88386efa9d53f074b4
Encrypted_Message: f71b71cab5e9d27138721036a1a60ca77965b400a8765fb60943dab43ec1e4c07c74da97e1e32f00351c9957aaa3806ab5e28c1b3252128b044536e39bf95cf8
Client_Public_Key: -----BEGIN PUBLIC KEY-----
MFkwEwYHKoZIzj0CAQYIKoZIzj0DAQcDQgAEwK2+cPBN0KaRYcoHsXZmuQC/4RwF
OOHWyJW6JD4sMVrTWpZ6WRQyBzNl4U3p7aQ1f7zgxbAVX1LmN9bHQQDd7A==
-----END PUBLIC KEY-----

Server_Public_Key: -----BEGIN PUBLIC KEY-----
MFkwEwYHKoZIzj0CAQYIKoZIzj0DAQcDQgAEi5lBKkio4b83J1b58iqGrP335O+w
5Ux/wPsS8Fx2kjiAYr9680lhkVveXfdcBEl4DW8yS2siIVcMRCuov71U+w==
-----END PUBLIC KEY-----

Shared_Secret: b0e413fbbbcba93d8a351429e173f4e868ad4de6b4b50a11c6bc2f42ad4b7aa2
Session_Key (Initial): 92e0918ac8797b060003c2ff7e6859681bdfc505886bc62de33e59c1e41888a0
Fuzzy_Extracted_Key: 12ab2c8d8b537e5b5f41544c8c93a207a678deb5ef0e8891073ae2857c8631a7
Final_Session_Key: 804bbd07432a055d5f4296b3f2fbfb6fbda71bb067654ebce404bb44989eb907
Encrypted_Message: f17182b458a97b36162f7db4aef6647aa2a0c0b3468a150c4fa49a8e0724e612
Client_Public_Key: -----BEGIN PUBLIC KEY-----
MFkwEwYHKoZIzj0CAQYIKoZIzj0DAQcDQgAE6DeK6+sdEm+HSe6lGc6HGM6d+zqF
AR1qL0pfKySvYNyi7y4ForVNfJjlNCw/XSinA5x3mP7pR55IXz3wFuJnWw==
-----END PUBLIC KEY-----

Server_Public_Key: -----BEGIN PUBLIC KEY-----
MFkwEwYHKoZIzj0CAQYIKoZIzj0DAQcDQgAEuUuL77pBUkGbDNPCDEDSSaNTAaMZ
zwtoQpLpasJKM2AybQ9C73RGcgctEeD+HYLe+yKe3PkcoGXBIUfcNbJeQw==
-----END PUBLIC KEY-----

Shared_Secret: bdaaf0e7e3505ac18a86ee39609f0ff2db04c687a97d83a68218e1e3c09ab269
Session_Key (Initial): a1bb6f42b23d7ddd3830081e8ae522b7675fb8b47b053a73082000c2e819d407
Fuzzy_Extracted_Key: 219c95e0c6a61bc51abc60fc5685d6119303ad2be5ec675ac2c04ab57e9806d5
Final_Session_Key: 8027faa2749b6618228c68e2dc60f4a6f45c159f9ee95d29cae04a779681d2d2
Encrypted_Message: 39b127846c5556e118c70f6f424cbfbcbe74df153fcbf02a8832b2706663b663
Client_Public_Key: -----BEGIN PUBLIC KEY-----
MFkwEwYHKoZIzj0CAQYIKoZIzj0DAQcDQgAERdjXXakw4t/3O9bufdNSNDdtXIsN
qmIpKmmAmPVbnhVaPWuDACnJ0YVUmOxAiGrwFujV+sf/6a6yj5A2lSDVkQ==
-----END PUBLIC KEY-----

Server_Public_Key: -----BEGIN PUBLIC KEY-----
MFkwEwYHKoZIzj0CAQYIKoZIzj0DAQcDQgAEoyHQ0VFbKWSU8d1XNIqVMoBXC2DS
BwhKZB3tsyKOHxkT7B4yJAnhCGuaqqIpzLLFXKABifliNeSehi7RXADdYw==
-----END PUBLIC KEY-----

Shared_Secret: e39d0283c7a9d603d0efc2fba4e83a9bce8c6d0c5c7b279555a9e8760fcfdd38
Session_Key (Initial): e825084e4e822aa1cf8456d01764d4813e1a59996d19615ca4764f09a1a4e341
Fuzzy_Extracted_Key: 5c8eac3df4fd615245d393ccb6f95da6fa5b6c99a2afb842521aa03e67ba30d9
Final_Session_Key: b4aba473ba7f4bf38a57c51ca19d8927c4413500cfb6d91ef66cef37c61ed398
Encrypted_Message: 6adb94745724c440c34219c9c3c6bd9235b6ec451263c426ecf07d11dd62dced
Client_Public_Key: -----BEGIN PUBLIC KEY-----
MFkwEwYHKoZIzj0CAQYIKoZIzj0DAQcDQgAEBT+4xZE/gizVzIZVJBTZNnIrZxK0
K4WJGY1UXNk+lZnzAQLgF8LlWna+QLxwqk4Ef9viWrVuryEYagZGs2kf3Q==
-----END PUBLIC KEY-----

Server_Public_Key: -----BEGIN PUBLIC KEY-----
MFkwEwYHKoZIzj0CAQYIKoZIzj0DAQcDQgAE0qjaOYNI6ucXLi9gvuvKj5RFMpx8
MFwIJOqYi6ARnwVEiuZ47byvhzPYg1+Mc8BzdWSbXVIIhmt9/dBhMp1nCQ==
-----END PUBLIC KEY-----

Shared_Secret: ebd24d2f6f43da8236f700a48bd8f2c5906cc540ab15fad7b889d7d7ba03d140
Session_Key (Initial): b554724a1b1617b47c53b26995dadb6b8689a6ee09ccb16d162d767fc3a6321a
Fuzzy_Extracted_Key: f4d778a9e4c498d7230c2293e47738798d727aa527e109a61d580218057b1b87
Final_Session_Key: 41830ae3ffd28f635f5f90fa71ade3120bfbdc4b2e2db8cb0b757467c6dd299d
Encrypted_Message: b91046a7d89a882388ff1900d9482efe8d5bd4b8534c4f45abcbbc8b7810433c
Client_Public_Key: -----BEGIN PUBLIC KEY-----
MFkwEwYHKoZIzj0CAQYIKoZIzj0DAQcDQgAEQSKGO3iB4MOgIkgjAd5apKWYXSZ2
FASC/1EKeayYUsVVfbTdkpajkJp9V5tqWHls78xmBlyiPw8mB4nqxUHjQA==
-----END PUBLIC KEY-----

Server_Public_Key: -----BEGIN PUBLIC KEY-----
MFkwEwYHKoZIzj0CAQYIKoZIzj0DAQcDQgAEXpDKCs5+ROrxJ9h/+YJCWF55xhEB
yJN1+IIxkx1Rd3xM9vzzFec8RnA2CBLqOIpAg8qwM0GsJbXeDGGXDH+OdQ==
-----END PUBLIC KEY-----

Shared_Secret: 4dfc8e7620c8a7a35185fe4bef8f2610778419919559cd56287e4d17289692a5
Session_Key (Initial): 43609a36a1f72dd48343d62408bcd69819c279a1b1f783f46360bfbef6bfac20
Fuzzy_Extracted_Key: 620fdec54ac2ae7e38ee6939bffb045e8a5ec982543dc2091a76b4708c60f478
Final_Session_Key: 216f44f3eb3583aabbadbf1db747d2c6939cb023e5ca41fd79160bce7adf5858
Encrypted_Message: 3778daee6db4479565a82488b2b764f8cf9931b6dbe9f2d38c7c51f909197ccf
Client_Public_Key: -----BEGIN PUBLIC KEY-----
MFkwEwYHKoZIzj0CAQYIKoZIzj0DAQcDQgAEJKD+G1poy9YLcCNEbtUEiMCoGNCP
5UQSJKrhvhoM47aLBbkWC14dvJyGHlbW/mcON/X1mPenMasqvLHpJ0ag7g==
-----END PUBLIC KEY-----

Server_Public_Key: -----BEGIN PUBLIC KEY-----
MFkwEwYHKoZIzj0CAQYIKoZIzj0DAQcDQgAE83R1xKo6lE0R4BXVbYA/YtfoWBjz
zcmXIxxVXzP8ez14kGFeqhlb500DCjmCkwpJRlwIqvZmFgVYlvuXVPepZw==
-----END PUBLIC KEY-----

Shared_Secret: 3bc7890d3e952abecf1386737ac7a6da4b0f1d3115f94a50080451df9d9f0c3a
Session_Key (Initial): f82fbe8badcb177124d80de133535d2724aed854cb460ed262bbcfce1a7e7a46
Fuzzy_Extracted_Key: a51d481353e18582a4e459685dc909cceaa9b5a01dd8536f32ca15e6c38f5388
Final_Session_Key: 5d32f698fe2a92f3803c54896e9a54ebce076df4d69e5dbd5071da28d9f129ce
Encrypted_Message: d4202c80298215556e6021cb99bca62e063b50726863d4afd1c39f6d336a04de
Client_Public_Key: -----BEGIN PUBLIC KEY-----
MFkwEwYHKoZIzj0CAQYIKoZIzj0DAQcDQgAEqtJfTutjpdcZCWqWo1bgYBPJthjz
sdb2yep9qa5Y1KCEkpGBvZygNB0G0812DjweB06STxxDz/7cnz9fdHU4Ww==
-----END PUBLIC KEY-----

Server_Public_Key: -----BEGIN PUBLIC KEY-----
MFkwEwYHKoZIzj0CAQYIKoZIzj0DAQcDQgAEiJjSjNSy4Oi8I49ZcDyFx9F6GiIb
5wEFQd0cCvTTvKNjsyPN5buz0Man61iPO86UMeaAdoADU4rxTLQMECh3rg==
-----END PUBLIC KEY-----

Shared_Secret: eed89e523535c777de235291514c268b6e6942f11fc3d9f36f6b88ad7fb7b3b5
Session_Key (Initial): 9392cf59f296f1d5a0cc420a5c98c57e09b3bfbc3a78ffcbc39215b249462d23
Fuzzy_Extracted_Key: 7ce449e17b08875a330e86db8be9d0e986a527bec5a096366d71d9a36b36ea7d
Final_Session_Key: ef7686b8899e768f93c2c4d1d77115978f169802ffd869fdaee3cc112270c75e
Encrypted_Message: c0533c440d219d6079f40583cddbf87282ac2bbd97abef637a41ffa0a1bcd11f
Client_Public_Key: -----BEGIN PUBLIC KEY-----
MFkwEwYHKoZIzj0CAQYIKoZIzj0DAQcDQgAEdoyCbGsogqnDBWeKfoNaqHT+IPje
wxmEjlY6be+OdWjG2vwlJlr+w7oQbK6RaD+xXuoBSwYV/BCZXhaX6on9Mw==
-----END PUBLIC KEY-----

Server_Public_Key: -----BEGIN PUBLIC KEY-----
MFkwEwYHKoZIzj0CAQYIKoZIzj0DAQcDQgAEH3E5TJ+EMCjd92Sp5JM/7rvduH0H
kuN7+Txl6FtzMKW1JOJ6PL9yxIybWBwz/pn3aGrd6phpi0VEuubpWzmmXw==
-----END PUBLIC KEY-----

Shared_Secret: 383dde2e5a4b1c025ce0bbecd31974e8022b5bdb4518b91739ec88e4c6e8f91e
Session_Key (Initial): 5ae4f877887262569ac2579afbe8c4690d080039b937fee52d7c34351f53b07f
Fuzzy_Extracted_Key: b43cdb0c12698897cea652d3cb973f9231d4c14a4450d2f59ef71e753cec6f68
Final_Session_Key: eed8237b9a1beac154640549307ffbfb3cdcc173fd672c10b38b2a4023bfdf17
Encrypted_Message: 8ff56b62f3efa137f0d180b3bf04098fa6943c92c1124ca888d44563fb654ab2
Client_Public_Key: -----BEGIN PUBLIC KEY-----
MFkwEwYHKoZIzj0CAQYIKoZIzj0DAQcDQgAEYx2kwACzeHd2ChCEepS4NbCrxPVW
Aq4ki7FUQ2QQTIXT7NxF0c9bSbqBIbk7EH2pZI5SOWPyfysyPmjEl7cG1Q==
-----END PUBLIC KEY-----

Server_Public_Key: -----BEGIN PUBLIC KEY-----
MFkwEwYHKoZIzj0CAQYIKoZIzj0DAQcDQgAEyLeTIzXaXTxLngTUSxUF5MI5rky2
WvJaekFPHAqxgp8Bi8f+0fFDlaLsjWpptc7kZIyDNzDyt1SM7h4z6Zjtug==
-----END PUBLIC KEY-----

Shared_Secret: 0f24096f30bfe5107ebd20a3d4f3d6f739c12e95d549e926600eb4dd5f1d1d73
Session_Key (Initial): b00b2c7b5a69c82b6b9bc2b4fe7d210f19e127366a19d9caa8953cc1f3f577fb
Fuzzy_Extracted_Key: 19f65093fcb06e997dd4bd40f94bf66b482e63b946885766302cfcc148bb8c8a
Final_Session_Key: a9fd7ce8a6d9a6b2164f7ff40736d76451cf448f2c918eac98b9c000bb4efb71
Client_Public_Key: -----BEGIN PUBLIC KEY-----
MFkwEwYHKoZIzj0CAQYIKoZIzj0DAQcDQgAEhig/Q9qLUdfTQffi4jkmwF3VRyLw
INN2cevVVWxL9eM+lppzZCLRrK1XBx6FASGrOYTRHDv2fPybi/MPy/Dn5g==
-----END PUBLIC KEY-----

Server_Public_Key: -----BEGIN PUBLIC KEY-----
MFkwEwYHKoZIzj0CAQYIKoZIzj0DAQcDQgAEJRozlIK6phNyfd+KFvMkXy5s1Iy1
QP5zqYmoOYWe2S4RPIm3EC8hF4i/WIHCUCqyRuk6tyxQr1gb5SCPJXYjrg==
-----END PUBLIC KEY-----

Shared_Secret: a9dca9faec3b1b3d551dec99ebbc197cfcaef235142ee1f0b1b25de5b4ee3c3c
Session_Key (Initial): 7b5fa8aefeccd6669c808ceafac20f7e546d8e9301629ecc44411ed2c1edd35a
Fuzzy_Extracted_Key: 586ae2531ffe3b92e53f39defe6f65496aeb5a9e7c6c070f4027c674d8965938
Final_Session_Key: 23354afde132edf479bfb53404ad6a373e86d40d7d0e99c30466d8a6197b8a62
Client_Public_Key: -----BEGIN PUBLIC KEY-----
MFkwEwYHKoZIzj0CAQYIKoZIzj0DAQcDQgAE845d0c1RjwUjEbX62H/yg9b7yrnG
3caA654blQyjsdrq0pk9c9CnnGhzOA0VCxV+Zuu3yRPr1qfpmI/xCMxNKQ==
-----END PUBLIC KEY-----

